--####################################################################
--# Returned Item Reporting Query (Q10)
--####################################################################

--# The query identifies customers who might be having problems 
--# with the parts that are shipped to them.

--###############################
--# Business question
--###############################

--# The Returned Item Reporting Query finds the top 20 customers, 
--# in terms of their effect on lost revenue for a given quarter, 
--# who have returned parts. The query considers only parts 
--# that were ordered in the specified quarter. 
--# The query lists the customer's name, address, nation, phone number, 
--# account balance, comment information and revenue lost. 
--# The customers are listed in descending order of lost revenue. 
--# Revenue lost is defined as sum(l_extendedprice*(1-l_discount)) 
--# for all qualifying lineitems.

\explain plan
  select
      c_custkey,
	  c_name,
	  ROUND( sum(l_extendedprice * (1 - l_discount)), 2) as revenue,
	  c_acctbal,
	  n_name,
	  c_address,
	  c_phone,
	  c_comment
  from
      customer,
	  orders,
	  lineitem,
	  nation
 where
        c_custkey = o_custkey
    and l_orderkey = o_orderkey
	and o_orderdate >= date '1993-10-01'
	and o_orderdate < date '1993-10-01' + interval '3' month
	and l_returnflag = 'R'
    and c_nationkey = n_nationkey
  group by
      c_custkey,
	  c_name,
	  c_acctbal,
	  c_phone,
	  n_name,
	  c_address,
	  c_comment
  order by
        revenue desc
  fetch 20;

C_CUSTKEY C_NAME               REVENUE C_ACCTBAL N_NAME                   
--------- ------------------ --------- --------- -------------------------
C_ADDRESS                                C_PHONE        
---------------------------------------- ---------------
C_COMMENT                                                                       
--------------------------------------------------------------------------------
    57040 Customer#000057040 734235.25    632.87 JAPAN                    
Eioyzjf4pp                               22-895-641-3466
sits. slyly regular requests sleep alongside of the regular inst                
   143347 Customer#000143347 721002.69   2557.47 EGYPT                    
1aReFYv,Kw4                              14-742-935-3718
ggle carefully enticing requests. final deposits use bold, bold pinto beans. iro
nic, idle re                                                                    
    60838 Customer#000060838 679127.31   2454.77 BRAZIL                   
64EaJ5vMAHWJlBOxJklpNc2RJiWE             12-913-494-9813
need to boost against the slyly regular account                                 
   101998 Customer#000101998 637029.57   3790.89 UNITED KINGDOM           
01c9CILnNtfOQYmZj                        33-593-865-6378
ress foxes wake slyly after the bold excuses. ironic platelets are furiously car
efully bold theodolites                                                         
   125341 Customer#000125341 633508.09   4983.51 GERMANY                  
S29ODD6bceU8QSuuEJznkNaK                 17-582-695-5962
arefully even depths. blithely even excuses sleep furiously. foxes use except th
e dependencies. ca                                                              
    25501 Customer#000025501 620269.78   7725.04 ETHIOPIA                 
W556MXuoiaYCCZamJI,Rn0B4ACUGdkQ8DZ       15-874-808-6793
he pending instructions wake carefully at the pinto beans. regular, final instru
ctions along the slyly fina                                                     
   115831 Customer#000115831 596423.87    5098.1 FRANCE                   
rFeBbEEyk dl ne7zV5fDrmiq1oK09wV7pxqCgIc 16-715-386-3788
l somas sleep. furiously final deposits wake blithely regular pinto b           
    84223 Customer#000084223 594998.02    528.65 UNITED KINGDOM           
nAVZCs6BaWap rrM27N 2qBnzc5WBauxbA       33-442-824-8191
slyly final deposits haggle regular, pending dependencies. pending escapades wak
e                                                                               
    54289 Customer#000054289 585603.39   5583.02 IRAN                     
vXCxoCsU0Bad5JQI ,oobkZ                  20-834-292-4707
ely special foxes are quickly finally ironic p                                  
    39922 Customer#000039922 584878.11   7321.11 GERMANY                  
Zgy4s50l2GKN4pLDPBU8m342gIw6R            17-147-757-8036
y final requests. furiously final foxes cajole blithely special platelets. f    
     6226 Customer#000006226 576783.76   2230.09 UNITED KINGDOM           
8gPu8,NPGkfyQQ0hcIYUGPIBWc,ybP5g,        33-657-701-3391
ending platelets along the express deposits cajole carefully final              
      922 Customer#000000922 576767.53   3869.25 GERMANY                  
Az9RFaut7NkPnc5zSD2PwHgVwr4jRzq          17-945-916-9648
luffily fluffy deposits. packages c                                             
   147946 Customer#000147946 576455.13   2030.13 ALGERIA                  
iANyZHjqhyy7Ajah0pTrYyhJ                 10-886-956-3143
ithely ironic deposits haggle blithely ironic requests. quickly regu            
   115640 Customer#000115640 569341.19    6436.1 ARGENTINA                
Vtgfia9qI 7EpHgecU1X                     11-411-543-4901
ost slyly along the patterns; pinto be                                          
    73606 Customer#000073606 568656.86   1785.67 JAPAN                    
xuR0Tro5yChDfOCrjkd2ol                   22-437-653-6966
he furiously regular ideas. slowly                                              
   110246 Customer#000110246 566842.98   7763.35 VIETNAM                  
7KzflgX MDOq7sOkI                        31-943-426-9837
egular deposits serve blithely above the fl                                     
   142549 Customer#000142549 563537.24   5085.99 INDONESIA                
ChqEoK43OysjdHbtKCp6dKqjNyvvi9           19-955-562-2398
sleep pending courts. ironic deposits against the carefully unusual platelets ca
jole carefully express accounts.                                                
   146149 Customer#000146149 557254.99   1791.55 ROMANIA                  
s87fvzFQpU                               29-744-164-6487
of the slyly silent accounts. quickly final accounts across the                 
    52528 Customer#000052528 556397.35    551.79 ARGENTINA                
NFztyTOR10UOJ                            11-208-192-3205
deposits hinder. blithely pending asymptotes breach slyly regular re            
    23431 Customer#000023431 554269.54   3381.86 ROMANIA                  
HgiV0phqhaIa9aydNoIlb                    29-915-458-2654
nusual, even instructions: furiously stealthy n                                 

20 rows selected.

>>>  start print plan

< Execution Plan >
==================================================================================================================
|  IDX  |  NODE DESCRIPTION                                                            |                    ROWS |
------------------------------------------------------------------------------------------------------------------
|    0  |  SELECT STATEMENT                                                            |                      20 |
|    1  |    QUERY BLOCK ("$QB_IDX_2")                                                 |                      20 |
|    2  |      SORT INSTANT                                                            |                      20 |
|    3  |        SINGLE CLUSTER                                                        | LOCAL/REMOTE      37967 |
|    4  |          SELECT STATEMENT                                                    |                   21731 |
|    5  |            QUERY BLOCK ("$QB_IDX_2")                                         |                   21731 |
|    6  |              GROUP HASH INSTANT                                              |                   21731 |
|    7  |                NESTED JOIN (INNER JOIN)                                      |                   57706 |
|    8  |                  HASH JOIN (INNER JOIN)                                      |                   28695 |
|    9  |                    NESTED JOIN (INNER JOIN)                                  |                   28695 |
|   10  |                      TABLE ACCESS ("ORDERS" AS _A4)                          |                   28695 |
|   11  |                      INDEX ACCESS ("CUSTOMER" AS _A3, "CUSTOMER_PK_INDEX")   | (     28695)      28695 |
|   12  |                    HASH JOIN INSTANT                                         |                   28695 |
|   13  |                      TABLE ACCESS ("NATION" AS _A2)                          |                      25 |
|   14  |                  INDEX ACCESS ("LINEITEM" AS _A1, "LINEITEM_ORDERKEY_FK")    | (    115145)      57706 |
==================================================================================================================

     1  -  TARGET : CUSTOMER.C_CUSTKEY, CUSTOMER.C_NAME, ROUND(SUM( LINEITEM.L_EXTENDEDPRICE * ( 1 - LINEITEM.L_DISCOUNT ) ),2) AS REVENUE, CUSTOMER.C_ACCTBAL, NATION.N_NAME, CUSTOMER.C_ADDRESS, CUSTOMER.C_PHONE, CUSTOMER.C_COMMENT
     2  -  LIMIT SORT
           SORT KEY : "ROUND(SUM( LINEITEM.L_EXTENDEDPRICE * ( 1 - LINEITEM.L_DISCOUNT ) ),2) DESC NULLS LAST"
           RECORD COLUMN : CUSTOMER.C_CUSTKEY, CUSTOMER.C_NAME, CUSTOMER.C_ACCTBAL, NATION.N_NAME, CUSTOMER.C_ADDRESS, CUSTOMER.C_PHONE, CUSTOMER.C_COMMENT
           READ KEY COLUMN : ROUND(SUM( LINEITEM.L_EXTENDEDPRICE * ( 1 - LINEITEM.L_DISCOUNT ) ),2)
           READ RECORD COLUMN : CUSTOMER.C_CUSTKEY, CUSTOMER.C_NAME, CUSTOMER.C_ACCTBAL, NATION.N_NAME, CUSTOMER.C_ADDRESS, CUSTOMER.C_PHONE, CUSTOMER.C_COMMENT
     3  -  SQL : SELECT /*+ USE_GROUP_HASH(14434) KEEP_JOINED_TABLE USE_NL_IN( _A1 ) USE_HASH_IN( _A2, 25 ) USE_NL_IN( _A3 ) FULL( _A4 ) INDEX( _A3, "PUBLIC"."CUSTOMER_PK_INDEX" ) FULL( _A2 ) INDEX( _A1, "PUBLIC"."LINEITEM_ORDERKEY_FK" ) */ "_A3"."C_CUSTKEY", "_A3"."C_NAME", "_A3"."C_ACCTBAL", "_A3"."C_PHONE", "_A2"."N_NAME", "_A3"."C_ADDRESS", "_A3"."C_COMMENT", SUM( "_A1"."L_EXTENDEDPRICE" * (:_V0 - "_A1"."L_DISCOUNT") ) FROM ( ( ( "PUBLIC"."ORDERS"@LOCAL AS "_A4" INNER JOIN "PUBLIC"."CUSTOMER"@LOCAL AS "_A3" ON true ) ALIAS "_A5" INNER JOIN "PUBLIC"."NATION"@LOCAL AS "_A2" ON "_A2"."N_NATIONKEY" = "_A3"."C_NATIONKEY") ALIAS "_A6" INNER JOIN "PUBLIC"."LINEITEM"@LOCAL AS "_A1" ON true ) ALIAS "_A7" WHERE "_A4"."O_ORDERDATE" < :_V1 AND "_A4"."O_ORDERDATE" >= :_V2 AND "_A3"."C_CUSTKEY" = "_A4"."O_CUSTKEY" AND "_A1"."L_ORDERKEY" = "_A4"."O_ORDERKEY" AND "_A1"."L_RETURNFLAG" = :_V3 GROUP BY "_A3"."C_CUSTKEY", "_A3"."C_NAME", "_A3"."C_ACCTBAL", "_A3"."C_PHONE", "_A2"."N_NAME", "_A3"."C_ADDRESS", "_A3"."C_COMMENT"
           TARGET DOMAIN : G1(G1N1) 21731 rows, G2(G2N1) 21241 rows
           RE-GROUPING
             GROUP KEY : CUSTOMER.C_CUSTKEY, CUSTOMER.C_NAME, CUSTOMER.C_ACCTBAL, CUSTOMER.C_PHONE, NATION.N_NAME, CUSTOMER.C_ADDRESS, CUSTOMER.C_COMMENT
             AGGREGATION : SUM( SUM( LINEITEM.L_EXTENDEDPRICE * ( 1 - LINEITEM.L_DISCOUNT ) ) )
     5  -  TARGET : _A3.C_CUSTKEY, _A3.C_NAME, _A3.C_ACCTBAL, _A3.C_PHONE, _A2.N_NAME, _A3.C_ADDRESS, _A3.C_COMMENT, SUM( _A1.L_EXTENDEDPRICE * ( :_V0 - _A1.L_DISCOUNT ) )
     6  -  GROUP KEY : _A3.C_CUSTKEY, _A3.C_NAME, _A3.C_ACCTBAL, _A3.C_PHONE, _A2.N_NAME, _A3.C_ADDRESS, _A3.C_COMMENT
           RECORD COLUMN : SUM( _A1.L_EXTENDEDPRICE * ( :_V0 - _A1.L_DISCOUNT ) )
           READ KEY COLUMN : _A3.C_CUSTKEY, _A3.C_NAME, _A3.C_ACCTBAL, _A3.C_PHONE, _A2.N_NAME, _A3.C_ADDRESS, _A3.C_COMMENT
           READ RECORD COLUMN : SUM( _A1.L_EXTENDEDPRICE * ( :_V0 - _A1.L_DISCOUNT ) )
     7  -  JOINED COLUMN : _A3.C_CUSTKEY, _A3.C_NAME, _A3.C_ACCTBAL, _A3.C_PHONE, _A2.N_NAME, _A3.C_ADDRESS, _A3.C_COMMENT, _A1.L_EXTENDEDPRICE, _A1.L_DISCOUNT
             CONSTANT FILTER : TRUE
     8  -  JOINED COLUMN : _A4.O_ORDERKEY, _A3.C_CUSTKEY, _A3.C_NAME, _A3.C_ACCTBAL, _A3.C_PHONE, _A2.N_NAME, _A3.C_ADDRESS, _A3.C_COMMENT
     9  -  JOINED COLUMN : _A3.C_NATIONKEY, _A4.O_ORDERKEY, _A3.C_CUSTKEY, _A3.C_NAME, _A3.C_ACCTBAL, _A3.C_PHONE, _A3.C_ADDRESS, _A3.C_COMMENT
             CONSTANT FILTER : TRUE
    10  -  HASH SHARD ( # 3 ) 
           READ COLUMN : _A4.O_ORDERKEY, _A4.O_CUSTKEY, _A4.O_ORDERDATE
             PHYSICAL FILTER : _A4.O_ORDERDATE < :_V1 AND _A4.O_ORDERDATE >= :_V2
    11  -  CLONED 
           READ INDEX COLUMN : _A3.C_CUSTKEY
           READ TABLE COLUMN : _A3.C_NAME, _A3.C_ADDRESS, _A3.C_NATIONKEY, _A3.C_PHONE, _A3.C_ACCTBAL, _A3.C_COMMENT
             MIN RANGE : _A3.C_CUSTKEY = {_A4.O_CUSTKEY}
             MAX RANGE : _A3.C_CUSTKEY = {_A4.O_CUSTKEY}
           FETCH ONE ROW
    12  -  HASH KEY : _A2.N_NATIONKEY
           RECORD COLUMN : _A2.N_NAME
           READ KEY COLUMN : _A2.N_NATIONKEY, _A2.N_NAME
             HASH FILTER : _A2.N_NATIONKEY = _A3.C_NATIONKEY
           FETCH ONE ROW
    13  -  CLONED 
           READ COLUMN : _A2.N_NATIONKEY, _A2.N_NAME
    14  -  HASH SHARD ( # 3 ) 
           READ INDEX COLUMN : _A1.L_ORDERKEY
           READ TABLE COLUMN : _A1.L_EXTENDEDPRICE, _A1.L_DISCOUNT, _A1.L_RETURNFLAG
             MIN RANGE : _A1.L_ORDERKEY = {_A4.O_ORDERKEY}
             MAX RANGE : _A1.L_ORDERKEY = {_A4.O_ORDERKEY}
             PHYSICAL TABLE FILTER : _A1.L_RETURNFLAG = :_V3

<<<  end print plan



--###############################
--# Functional Query Definition
--###############################

--# Return the first 20 selected rows

\set linesize 400
\set timing on;

--# result: 20 rows
--#  c_custkey |       c_name       |  revenue  | c_acctbal |          n_name           |                c_address                 |     c_phone     |                                                    c_comment                                                     
--# -----------+--------------------+-----------+-----------+---------------------------+------------------------------------------+-----------------+------------------------------------------------------------------------------------------------------------------
--#      57040 | Customer#000057040 | 734235.25 |    632.87 | JAPAN                     | Eioyzjf4pp                               | 22-895-641-3466 | sits. slyly regular requests sleep alongside of the regular inst
--#     143347 | Customer#000143347 | 721002.69 |   2557.47 | EGYPT                     | 1aReFYv,Kw4                              | 14-742-935-3718 | ggle carefully enticing requests. final deposits use bold, bold pinto beans. ironic, idle re
--#  .....
--#  .....
--#  .....
--#  .....
--#  .....
--#      52528 | Customer#000052528 | 556397.35 |    551.79 | ARGENTINA                 | NFztyTOR10UOJ                            | 11-208-192-3205 |  deposits hinder. blithely pending asymptotes breach slyly regular re
--#      23431 | Customer#000023431 | 554269.54 |   3381.86 | ROMANIA                   | HgiV0phqhaIa9aydNoIlb                    | 29-915-458-2654 | nusual, even instructions: furiously stealthy n

\explain plan
  select
      c_custkey,
	  c_name,
	  ROUND( sum(l_extendedprice * (1 - l_discount)), 2) as revenue,
	  c_acctbal,
	  n_name,
	  c_address,
	  c_phone,
	  c_comment
  from
      customer,
	  orders,
	  lineitem,
	  nation
 where
        c_custkey = o_custkey
    and l_orderkey = o_orderkey
	and o_orderdate >= date '1993-10-01'
	and o_orderdate < date '1993-10-01' + interval '3' month
	and l_returnflag = 'R'
    and c_nationkey = n_nationkey
  group by
      c_custkey,
	  c_name,
	  c_acctbal,
	  c_phone,
	  n_name,
	  c_address,
	  c_comment
  order by
        revenue desc
  fetch 20;

C_CUSTKEY C_NAME               REVENUE C_ACCTBAL N_NAME                    C_ADDRESS                                C_PHONE         C_COMMENT                                                                                                       
--------- ------------------ --------- --------- ------------------------- ---------------------------------------- --------------- ----------------------------------------------------------------------------------------------------------------
    57040 Customer#000057040 734235.25    632.87 JAPAN                     Eioyzjf4pp                               22-895-641-3466 sits. slyly regular requests sleep alongside of the regular inst                                                
   143347 Customer#000143347 721002.69   2557.47 EGYPT                     1aReFYv,Kw4                              14-742-935-3718 ggle carefully enticing requests. final deposits use bold, bold pinto beans. ironic, idle re                    
    60838 Customer#000060838 679127.31   2454.77 BRAZIL                    64EaJ5vMAHWJlBOxJklpNc2RJiWE             12-913-494-9813 need to boost against the slyly regular account                                                                 
   101998 Customer#000101998 637029.57   3790.89 UNITED KINGDOM            01c9CILnNtfOQYmZj                        33-593-865-6378 ress foxes wake slyly after the bold excuses. ironic platelets are furiously carefully bold theodolites         
   125341 Customer#000125341 633508.09   4983.51 GERMANY                   S29ODD6bceU8QSuuEJznkNaK                 17-582-695-5962 arefully even depths. blithely even excuses sleep furiously. foxes use except the dependencies. ca              
    25501 Customer#000025501 620269.78   7725.04 ETHIOPIA                  W556MXuoiaYCCZamJI,Rn0B4ACUGdkQ8DZ       15-874-808-6793 he pending instructions wake carefully at the pinto beans. regular, final instructions along the slyly fina     
   115831 Customer#000115831 596423.87    5098.1 FRANCE                    rFeBbEEyk dl ne7zV5fDrmiq1oK09wV7pxqCgIc 16-715-386-3788 l somas sleep. furiously final deposits wake blithely regular pinto b                                           
    84223 Customer#000084223 594998.02    528.65 UNITED KINGDOM            nAVZCs6BaWap rrM27N 2qBnzc5WBauxbA       33-442-824-8191 slyly final deposits haggle regular, pending dependencies. pending escapades wake                               
    54289 Customer#000054289 585603.39   5583.02 IRAN                      vXCxoCsU0Bad5JQI ,oobkZ                  20-834-292-4707 ely special foxes are quickly finally ironic p                                                                  
    39922 Customer#000039922 584878.11   7321.11 GERMANY                   Zgy4s50l2GKN4pLDPBU8m342gIw6R            17-147-757-8036 y final requests. furiously final foxes cajole blithely special platelets. f                                    
     6226 Customer#000006226 576783.76   2230.09 UNITED KINGDOM            8gPu8,NPGkfyQQ0hcIYUGPIBWc,ybP5g,        33-657-701-3391 ending platelets along the express deposits cajole carefully final                                              
      922 Customer#000000922 576767.53   3869.25 GERMANY                   Az9RFaut7NkPnc5zSD2PwHgVwr4jRzq          17-945-916-9648 luffily fluffy deposits. packages c                                                                             
   147946 Customer#000147946 576455.13   2030.13 ALGERIA                   iANyZHjqhyy7Ajah0pTrYyhJ                 10-886-956-3143 ithely ironic deposits haggle blithely ironic requests. quickly regu                                            
   115640 Customer#000115640 569341.19    6436.1 ARGENTINA                 Vtgfia9qI 7EpHgecU1X                     11-411-543-4901 ost slyly along the patterns; pinto be                                                                          
    73606 Customer#000073606 568656.86   1785.67 JAPAN                     xuR0Tro5yChDfOCrjkd2ol                   22-437-653-6966 he furiously regular ideas. slowly                                                                              
   110246 Customer#000110246 566842.98   7763.35 VIETNAM                   7KzflgX MDOq7sOkI                        31-943-426-9837 egular deposits serve blithely above the fl                                                                     
   142549 Customer#000142549 563537.24   5085.99 INDONESIA                 ChqEoK43OysjdHbtKCp6dKqjNyvvi9           19-955-562-2398 sleep pending courts. ironic deposits against the carefully unusual platelets cajole carefully express accounts.
   146149 Customer#000146149 557254.99   1791.55 ROMANIA                   s87fvzFQpU                               29-744-164-6487 of the slyly silent accounts. quickly final accounts across the                                                 
    52528 Customer#000052528 556397.35    551.79 ARGENTINA                 NFztyTOR10UOJ                            11-208-192-3205 deposits hinder. blithely pending asymptotes breach slyly regular re                                            
    23431 Customer#000023431 554269.54   3381.86 ROMANIA                   HgiV0phqhaIa9aydNoIlb                    29-915-458-2654 nusual, even instructions: furiously stealthy n                                                                 

20 rows selected.

>>>  start print plan

< Execution Plan >
==================================================================================================================
|  IDX  |  NODE DESCRIPTION                                                            |                    ROWS |
------------------------------------------------------------------------------------------------------------------
|    0  |  SELECT STATEMENT                                                            |                      20 |
|    1  |    QUERY BLOCK ("$QB_IDX_2")                                                 |                      20 |
|    2  |      SORT INSTANT                                                            |                      20 |
|    3  |        SINGLE CLUSTER                                                        | LOCAL/REMOTE      37967 |
|    4  |          SELECT STATEMENT                                                    |                   21731 |
|    5  |            QUERY BLOCK ("$QB_IDX_2")                                         |                   21731 |
|    6  |              GROUP HASH INSTANT                                              |                   21731 |
|    7  |                NESTED JOIN (INNER JOIN)                                      |                   57706 |
|    8  |                  HASH JOIN (INNER JOIN)                                      |                   28695 |
|    9  |                    NESTED JOIN (INNER JOIN)                                  |                   28695 |
|   10  |                      TABLE ACCESS ("ORDERS" AS _A4)                          |                   28695 |
|   11  |                      INDEX ACCESS ("CUSTOMER" AS _A3, "CUSTOMER_PK_INDEX")   | (     28695)      28695 |
|   12  |                    HASH JOIN INSTANT                                         |                   28695 |
|   13  |                      TABLE ACCESS ("NATION" AS _A2)                          |                      25 |
|   14  |                  INDEX ACCESS ("LINEITEM" AS _A1, "LINEITEM_ORDERKEY_FK")    | (    115145)      57706 |
==================================================================================================================

     1  -  TARGET : CUSTOMER.C_CUSTKEY, CUSTOMER.C_NAME, ROUND(SUM( LINEITEM.L_EXTENDEDPRICE * ( 1 - LINEITEM.L_DISCOUNT ) ),2) AS REVENUE, CUSTOMER.C_ACCTBAL, NATION.N_NAME, CUSTOMER.C_ADDRESS, CUSTOMER.C_PHONE, CUSTOMER.C_COMMENT
     2  -  LIMIT SORT
           SORT KEY : "ROUND(SUM( LINEITEM.L_EXTENDEDPRICE * ( 1 - LINEITEM.L_DISCOUNT ) ),2) DESC NULLS LAST"
           RECORD COLUMN : CUSTOMER.C_CUSTKEY, CUSTOMER.C_NAME, CUSTOMER.C_ACCTBAL, NATION.N_NAME, CUSTOMER.C_ADDRESS, CUSTOMER.C_PHONE, CUSTOMER.C_COMMENT
           READ KEY COLUMN : ROUND(SUM( LINEITEM.L_EXTENDEDPRICE * ( 1 - LINEITEM.L_DISCOUNT ) ),2)
           READ RECORD COLUMN : CUSTOMER.C_CUSTKEY, CUSTOMER.C_NAME, CUSTOMER.C_ACCTBAL, NATION.N_NAME, CUSTOMER.C_ADDRESS, CUSTOMER.C_PHONE, CUSTOMER.C_COMMENT
     3  -  SQL : SELECT /*+ USE_GROUP_HASH(14434) KEEP_JOINED_TABLE USE_NL_IN( _A1 ) USE_HASH_IN( _A2, 25 ) USE_NL_IN( _A3 ) FULL( _A4 ) INDEX( _A3, "PUBLIC"."CUSTOMER_PK_INDEX" ) FULL( _A2 ) INDEX( _A1, "PUBLIC"."LINEITEM_ORDERKEY_FK" ) */ "_A3"."C_CUSTKEY", "_A3"."C_NAME", "_A3"."C_ACCTBAL", "_A3"."C_PHONE", "_A2"."N_NAME", "_A3"."C_ADDRESS", "_A3"."C_COMMENT", SUM( "_A1"."L_EXTENDEDPRICE" * (:_V0 - "_A1"."L_DISCOUNT") ) FROM ( ( ( "PUBLIC"."ORDERS"@LOCAL AS "_A4" INNER JOIN "PUBLIC"."CUSTOMER"@LOCAL AS "_A3" ON true ) ALIAS "_A5" INNER JOIN "PUBLIC"."NATION"@LOCAL AS "_A2" ON "_A2"."N_NATIONKEY" = "_A3"."C_NATIONKEY") ALIAS "_A6" INNER JOIN "PUBLIC"."LINEITEM"@LOCAL AS "_A1" ON true ) ALIAS "_A7" WHERE "_A4"."O_ORDERDATE" < :_V1 AND "_A4"."O_ORDERDATE" >= :_V2 AND "_A3"."C_CUSTKEY" = "_A4"."O_CUSTKEY" AND "_A1"."L_ORDERKEY" = "_A4"."O_ORDERKEY" AND "_A1"."L_RETURNFLAG" = :_V3 GROUP BY "_A3"."C_CUSTKEY", "_A3"."C_NAME", "_A3"."C_ACCTBAL", "_A3"."C_PHONE", "_A2"."N_NAME", "_A3"."C_ADDRESS", "_A3"."C_COMMENT"
           TARGET DOMAIN : G1(G1N1) 21731 rows, G2(G2N1) 21241 rows
           RE-GROUPING
             GROUP KEY : CUSTOMER.C_CUSTKEY, CUSTOMER.C_NAME, CUSTOMER.C_ACCTBAL, CUSTOMER.C_PHONE, NATION.N_NAME, CUSTOMER.C_ADDRESS, CUSTOMER.C_COMMENT
             AGGREGATION : SUM( SUM( LINEITEM.L_EXTENDEDPRICE * ( 1 - LINEITEM.L_DISCOUNT ) ) )
     5  -  TARGET : _A3.C_CUSTKEY, _A3.C_NAME, _A3.C_ACCTBAL, _A3.C_PHONE, _A2.N_NAME, _A3.C_ADDRESS, _A3.C_COMMENT, SUM( _A1.L_EXTENDEDPRICE * ( :_V0 - _A1.L_DISCOUNT ) )
     6  -  GROUP KEY : _A3.C_CUSTKEY, _A3.C_NAME, _A3.C_ACCTBAL, _A3.C_PHONE, _A2.N_NAME, _A3.C_ADDRESS, _A3.C_COMMENT
           RECORD COLUMN : SUM( _A1.L_EXTENDEDPRICE * ( :_V0 - _A1.L_DISCOUNT ) )
           READ KEY COLUMN : _A3.C_CUSTKEY, _A3.C_NAME, _A3.C_ACCTBAL, _A3.C_PHONE, _A2.N_NAME, _A3.C_ADDRESS, _A3.C_COMMENT
           READ RECORD COLUMN : SUM( _A1.L_EXTENDEDPRICE * ( :_V0 - _A1.L_DISCOUNT ) )
     7  -  JOINED COLUMN : _A3.C_CUSTKEY, _A3.C_NAME, _A3.C_ACCTBAL, _A3.C_PHONE, _A2.N_NAME, _A3.C_ADDRESS, _A3.C_COMMENT, _A1.L_EXTENDEDPRICE, _A1.L_DISCOUNT
             CONSTANT FILTER : TRUE
     8  -  JOINED COLUMN : _A4.O_ORDERKEY, _A3.C_CUSTKEY, _A3.C_NAME, _A3.C_ACCTBAL, _A3.C_PHONE, _A2.N_NAME, _A3.C_ADDRESS, _A3.C_COMMENT
     9  -  JOINED COLUMN : _A3.C_NATIONKEY, _A4.O_ORDERKEY, _A3.C_CUSTKEY, _A3.C_NAME, _A3.C_ACCTBAL, _A3.C_PHONE, _A3.C_ADDRESS, _A3.C_COMMENT
             CONSTANT FILTER : TRUE
    10  -  HASH SHARD ( # 3 ) 
           READ COLUMN : _A4.O_ORDERKEY, _A4.O_CUSTKEY, _A4.O_ORDERDATE
             PHYSICAL FILTER : _A4.O_ORDERDATE < :_V1 AND _A4.O_ORDERDATE >= :_V2
    11  -  CLONED 
           READ INDEX COLUMN : _A3.C_CUSTKEY
           READ TABLE COLUMN : _A3.C_NAME, _A3.C_ADDRESS, _A3.C_NATIONKEY, _A3.C_PHONE, _A3.C_ACCTBAL, _A3.C_COMMENT
             MIN RANGE : _A3.C_CUSTKEY = {_A4.O_CUSTKEY}
             MAX RANGE : _A3.C_CUSTKEY = {_A4.O_CUSTKEY}
           FETCH ONE ROW
    12  -  HASH KEY : _A2.N_NATIONKEY
           RECORD COLUMN : _A2.N_NAME
           READ KEY COLUMN : _A2.N_NATIONKEY, _A2.N_NAME
             HASH FILTER : _A2.N_NATIONKEY = _A3.C_NATIONKEY
           FETCH ONE ROW
    13  -  CLONED 
           READ COLUMN : _A2.N_NATIONKEY, _A2.N_NAME
    14  -  HASH SHARD ( # 3 ) 
           READ INDEX COLUMN : _A1.L_ORDERKEY
           READ TABLE COLUMN : _A1.L_EXTENDEDPRICE, _A1.L_DISCOUNT, _A1.L_RETURNFLAG
             MIN RANGE : _A1.L_ORDERKEY = {_A4.O_ORDERKEY}
             MAX RANGE : _A1.L_ORDERKEY = {_A4.O_ORDERKEY}
             PHYSICAL TABLE FILTER : _A1.L_RETURNFLAG = :_V3

<<<  end print plan


Elapsed time: 452.85600 ms 


--#################################
--# Report
--#################################

\set timing off;
INSERT INTO TPCH_SF1_REPORT 
       VALUES ( 'SF1_Q10', (:VAR_ELAPSED_TIME__ / 1000), TRUNC( 60 * 60 * 1000 / :VAR_ELAPSED_TIME__, 0 ) );

1 row created.

COMMIT;

Commit complete.

