--####################################################################
--# Suppliers Who Kept Orders Waiting Query (Q21)
--####################################################################

--# This query identifies certain suppliers who were not able to 
--# ship required parts in a timely manner.

--###############################
--# Business Question
--###############################

--# The Suppliers Who Kept Orders Waiting query identifies suppliers, 
--# for a given nation, whose product was part of a multi-supplier 
--# order (with current status of 'F') where they were the only supplier 
--# who failed to meet the committed delivery date.

\explain plan
  select
      s_name,
      count(*) as numwait
  from
      supplier,
	  lineitem l1,
	  orders,
	  nation
  where
        s_suppkey = l1.l_suppkey
    and o_orderkey = l1.l_orderkey
	and o_orderstatus = 'F'
	and l1.l_receiptdate > l1.l_commitdate
	and exists (
                 select
                     *
                 from
                     lineitem l2
                 where
                       l2.l_orderkey = l1.l_orderkey
                   and l2.l_suppkey <> l1.l_suppkey
               )
    and not exists (
                     select
                         *
                     from
                         lineitem l3
                     where
                           l3.l_orderkey = l1.l_orderkey
                       and l3.l_suppkey <> l1.l_suppkey
                       and l3.l_receiptdate > l3.l_commitdate
                   )
    and s_nationkey = n_nationkey
    and n_name = 'SAUDI ARABIA'
  group by
      s_name
  order by
      numwait desc,
      s_name
  fetch 100;

S_NAME                    NUMWAIT
------------------------- -------
Supplier#000002829             20
Supplier#000005808             18
Supplier#000000262             17
Supplier#000000496             17
Supplier#000002160             17
Supplier#000002301             17
Supplier#000002540             17
Supplier#000003063             17
Supplier#000005178             17
Supplier#000008331             17
Supplier#000002005             16
Supplier#000002095             16
Supplier#000005799             16
Supplier#000005842             16
Supplier#000006450             16
Supplier#000006939             16
Supplier#000009200             16
Supplier#000009727             16
Supplier#000000486             15
Supplier#000000565             15

S_NAME                    NUMWAIT
------------------------- -------
Supplier#000001046             15
Supplier#000001047             15
Supplier#000001161             15
Supplier#000001336             15
Supplier#000001435             15
Supplier#000003075             15
Supplier#000003335             15
Supplier#000005649             15
Supplier#000006027             15
Supplier#000006795             15
Supplier#000006800             15
Supplier#000006824             15
Supplier#000007131             15
Supplier#000007382             15
Supplier#000008913             15
Supplier#000009787             15
Supplier#000000633             14
Supplier#000001960             14
Supplier#000002323             14
Supplier#000002490             14

S_NAME                    NUMWAIT
------------------------- -------
Supplier#000002993             14
Supplier#000003101             14
Supplier#000004489             14
Supplier#000005435             14
Supplier#000005583             14
Supplier#000005774             14
Supplier#000007579             14
Supplier#000008180             14
Supplier#000008695             14
Supplier#000009224             14
Supplier#000000357             13
Supplier#000000436             13
Supplier#000000610             13
Supplier#000000788             13
Supplier#000000889             13
Supplier#000001062             13
Supplier#000001498             13
Supplier#000002056             13
Supplier#000002312             13
Supplier#000002344             13

S_NAME                    NUMWAIT
------------------------- -------
Supplier#000002596             13
Supplier#000002615             13
Supplier#000002978             13
Supplier#000003048             13
Supplier#000003234             13
Supplier#000003727             13
Supplier#000003806             13
Supplier#000004472             13
Supplier#000005236             13
Supplier#000005906             13
Supplier#000006241             13
Supplier#000006326             13
Supplier#000006384             13
Supplier#000006394             13
Supplier#000006624             13
Supplier#000006629             13
Supplier#000006682             13
Supplier#000006737             13
Supplier#000006825             13
Supplier#000007021             13

S_NAME                    NUMWAIT
------------------------- -------
Supplier#000007417             13
Supplier#000007497             13
Supplier#000007602             13
Supplier#000008134             13
Supplier#000008234             13
Supplier#000009435             13
Supplier#000009436             13
Supplier#000009564             13
Supplier#000009896             13
Supplier#000000379             12
Supplier#000000673             12
Supplier#000000762             12
Supplier#000000811             12
Supplier#000000821             12
Supplier#000001337             12
Supplier#000001916             12
Supplier#000001925             12
Supplier#000002039             12
Supplier#000002357             12
Supplier#000002483             12

100 rows selected.

>>>  start print plan

< Execution Plan >
============================================================================================================================
|  IDX  |  NODE DESCRIPTION                                                                      |                    ROWS |
----------------------------------------------------------------------------------------------------------------------------
|    0  |  SELECT STATEMENT                                                                      |                     100 |
|    1  |    QUERY BLOCK ("$QB_IDX_2")                                                           |                     100 |
|    2  |      SORT INSTANT                                                                      |                     100 |
|    3  |        SINGLE CLUSTER                                                                  | LOCAL/REMOTE        411 |
|    4  |          SELECT STATEMENT                                                              |                     408 |
|    5  |            QUERY BLOCK ("$QB_IDX_2")                                                   |                     408 |
|    6  |              GROUP HASH INSTANT                                                        |                     408 |
|    7  |                NESTED JOIN (SEMI)                                                      |                    2067 |
|    8  |                  NESTED JOIN (ANTI SEMI)                                               |                    3485 |
|    9  |                    NESTED JOIN (INNER JOIN)                                            |                   38161 |
|   10  |                      HASH JOIN (INNER JOIN)                                            |                   78590 |
|   11  |                        TABLE ACCESS ("LINEITEM" AS _A5)                                |                 1902371 |
|   12  |                        HASH JOIN INSTANT                                               |                   78590 |
|   13  |                          NESTED JOIN (INNER JOIN)                                      |                     411 |
|   14  |                            TABLE ACCESS ("NATION" AS _A7)                              |                       1 |
|   15  |                            INDEX ACCESS ("SUPPLIER" AS _A6, "SUPPLIER_NATIONKEY_FK")   | (       411)        411 |
|   16  |                      INDEX ACCESS ("ORDERS" AS _A3, "ORDERS_PK_INDEX")                 | (     78590)      38161 |
|   17  |                    INDEX ACCESS ("LINEITEM" AS _A2, "LINEITEM_ORDERKEY_FK")            | (     69076)      34676 |
|   18  |                  INDEX ACCESS ("LINEITEM" AS _A1, "LINEITEM_ORDERKEY_FK")              | (      4248)       2067 |
============================================================================================================================

     1  -  TARGET : SUPPLIER.S_NAME, COUNT(*) AS NUMWAIT
     2  -  LIMIT SORT
           SORT KEY : "COUNT(*) DESC NULLS LAST", "SUPPLIER.S_NAME ASC NULLS LAST"
           READ KEY COLUMN : COUNT(*), SUPPLIER.S_NAME
     3  -  SQL : SELECT /*+ USE_GROUP_HASH(3716) KEEP_JOINED_TABLE USE_NL_IN( _A1 ) USE_NL_IN( _A2 ) USE_NL_IN( _A3 ) USE_HASH_IN( _A4, 200 ) FULL( _A5 ) USE_NL_IN( _A6 ) FULL( _A7 ) INDEX( _A6, "PUBLIC"."SUPPLIER_NATIONKEY_FK" ) INDEX( _A3, "PUBLIC"."ORDERS_PK_INDEX" ) INDEX( _A2, "PUBLIC"."LINEITEM_ORDERKEY_FK" ) INDEX( _A1, "PUBLIC"."LINEITEM_ORDERKEY_FK" ) */ "_A6"."S_NAME", COUNT(*) FROM ( ( ( ( "PUBLIC"."LINEITEM"@"G1N1"|"G2N1" AS "_A5" INNER JOIN ( "PUBLIC"."NATION"@"G1N1"|"G2N1" AS "_A7" INNER JOIN "PUBLIC"."SUPPLIER"@"G1N1"|"G2N1" AS "_A6" ON true ) ALIAS "_A4" ON "_A6"."S_SUPPKEY" = "_A5"."L_SUPPKEY") ALIAS "_A8" INNER JOIN "PUBLIC"."ORDERS"@"G1N1"|"G2N1" AS "_A3" ON true ) ALIAS "_A9" ANTI SEMI JOIN "PUBLIC"."LINEITEM"@"G1N1"|"G2N1" AS "_A2" ON "_A2"."L_ORDERKEY" = "_A5"."L_ORDERKEY" AND "_A2"."L_SUPPKEY" <> "_A5"."L_SUPPKEY" AND "_A2"."L_RECEIPTDATE" > "_A2"."L_COMMITDATE") ALIAS "_A10" SEMI JOIN "PUBLIC"."LINEITEM"@"G1N1"|"G2N1" AS "_A1" ON "_A1"."L_ORDERKEY" = "_A5"."L_ORDERKEY" AND "_A1"."L_SUPPKEY" <> "_A5"."L_SUPPKEY") ALIAS "_A11" WHERE "_A5"."L_RECEIPTDATE" > "_A5"."L_COMMITDATE" AND "_A7"."N_NAME" = :_V0 AND "_A6"."S_NATIONKEY" = "_A7"."N_NATIONKEY" AND "_A3"."O_ORDERKEY" = "_A5"."L_ORDERKEY" AND "_A3"."O_ORDERSTATUS" = :_V1 GROUP BY "_A6"."S_NAME"
           TARGET DOMAIN : G1(G1N1) 408 rows, G2(G2N1) 409 rows
           RE-GROUPING
             GROUP KEY : SUPPLIER.S_NAME
             AGGREGATION : SUM( COUNT(*) )
     5  -  TARGET : _A6.S_NAME, COUNT(*)
     6  -  GROUP KEY : _A6.S_NAME
           RECORD COLUMN : COUNT(*)
           READ KEY COLUMN : _A6.S_NAME
           READ RECORD COLUMN : COUNT(*)
     7  -  JOINED COLUMN : _A6.S_NAME
     8  -  JOINED COLUMN : _A5.L_ORDERKEY, _A5.L_SUPPKEY, _A6.S_NAME
     9  -  JOINED COLUMN : _A5.L_ORDERKEY, _A5.L_SUPPKEY, _A6.S_NAME
             CONSTANT FILTER : TRUE
    10  -  JOINED COLUMN : _A5.L_ORDERKEY, _A5.L_SUPPKEY, _A6.S_NAME
    11  -  HASH SHARD ( # 3 ) 
           READ COLUMN : _A5.L_ORDERKEY, _A5.L_SUPPKEY, _A5.L_COMMITDATE, _A5.L_RECEIPTDATE
             PHYSICAL FILTER : _A5.L_RECEIPTDATE > _A5.L_COMMITDATE
    12  -  HASH KEY : _A6.S_SUPPKEY
           RECORD COLUMN : _A6.S_NAME
           READ KEY COLUMN : _A6.S_SUPPKEY, _A6.S_NAME
             HASH FILTER : _A6.S_SUPPKEY = _A5.L_SUPPKEY
    13  -  JOINED COLUMN : _A6.S_SUPPKEY, _A6.S_NAME
             CONSTANT FILTER : TRUE
    14  -  CLONED 
           READ COLUMN : _A7.N_NATIONKEY, _A7.N_NAME
             PHYSICAL FILTER : _A7.N_NAME = :_V0
    15  -  CLONED 
           READ INDEX COLUMN : _A6.S_NATIONKEY
           READ TABLE COLUMN : _A6.S_SUPPKEY, _A6.S_NAME
             MIN RANGE : _A6.S_NATIONKEY = {_A7.N_NATIONKEY}
             MAX RANGE : _A6.S_NATIONKEY = {_A7.N_NATIONKEY}
    16  -  HASH SHARD ( # 3 ) 
           READ INDEX COLUMN : _A3.O_ORDERKEY
           READ TABLE COLUMN : _A3.O_ORDERSTATUS
             MIN RANGE : _A3.O_ORDERKEY = {_A5.L_ORDERKEY}
             MAX RANGE : _A3.O_ORDERKEY = {_A5.L_ORDERKEY}
             PHYSICAL TABLE FILTER : _A3.O_ORDERSTATUS = :_V1
           FETCH ONE ROW
    17  -  HASH SHARD ( # 3 ) 
           READ INDEX COLUMN : _A2.L_ORDERKEY
           READ TABLE COLUMN : _A2.L_SUPPKEY, _A2.L_COMMITDATE, _A2.L_RECEIPTDATE
             MIN RANGE : _A2.L_ORDERKEY = {_A5.L_ORDERKEY}
             MAX RANGE : _A2.L_ORDERKEY = {_A5.L_ORDERKEY}
             PHYSICAL TABLE FILTER : _A2.L_SUPPKEY <> {_A5.L_SUPPKEY} AND _A2.L_RECEIPTDATE > _A2.L_COMMITDATE
    18  -  HASH SHARD ( # 3 ) 
           READ INDEX COLUMN : _A1.L_ORDERKEY
           READ TABLE COLUMN : _A1.L_SUPPKEY
             MIN RANGE : _A1.L_ORDERKEY = {_A5.L_ORDERKEY}
             MAX RANGE : _A1.L_ORDERKEY = {_A5.L_ORDERKEY}
             PHYSICAL TABLE FILTER : _A1.L_SUPPKEY <> {_A5.L_SUPPKEY}

<<<  end print plan



--###############################
--# Functional Query Definition
--###############################

--# Return the first 100 selected rows.

\set linesize 400
\set timing on;

--# result: 100 rows
--#           s_name           | numwait 
--# ---------------------------+---------
--#  Supplier#000002829        |      20
--#  Supplier#000005808        |      18
--#  .....
--#  .....
--#  .....
--#  Supplier#000002357        |      12
--#  Supplier#000002483        |      12
\explain plan
  select
      s_name,
      count(*) as numwait
  from
      supplier,
	  lineitem l1,
	  orders,
	  nation
  where
        s_suppkey = l1.l_suppkey
    and o_orderkey = l1.l_orderkey
	and o_orderstatus = 'F'
	and l1.l_receiptdate > l1.l_commitdate
	and exists (
                 select
                     *
                 from
                     lineitem l2
                 where
                       l2.l_orderkey = l1.l_orderkey
                   and l2.l_suppkey <> l1.l_suppkey
               )
    and not exists (
                     select
                         *
                     from
                         lineitem l3
                     where
                           l3.l_orderkey = l1.l_orderkey
                       and l3.l_suppkey <> l1.l_suppkey
                       and l3.l_receiptdate > l3.l_commitdate
                   )
    and s_nationkey = n_nationkey
    and n_name = 'SAUDI ARABIA'
  group by
      s_name
  order by
      numwait desc,
      s_name
  fetch 100;

S_NAME                    NUMWAIT
------------------------- -------
Supplier#000002829             20
Supplier#000005808             18
Supplier#000000262             17
Supplier#000000496             17
Supplier#000002160             17
Supplier#000002301             17
Supplier#000002540             17
Supplier#000003063             17
Supplier#000005178             17
Supplier#000008331             17
Supplier#000002005             16
Supplier#000002095             16
Supplier#000005799             16
Supplier#000005842             16
Supplier#000006450             16
Supplier#000006939             16
Supplier#000009200             16
Supplier#000009727             16
Supplier#000000486             15
Supplier#000000565             15

S_NAME                    NUMWAIT
------------------------- -------
Supplier#000001046             15
Supplier#000001047             15
Supplier#000001161             15
Supplier#000001336             15
Supplier#000001435             15
Supplier#000003075             15
Supplier#000003335             15
Supplier#000005649             15
Supplier#000006027             15
Supplier#000006795             15
Supplier#000006800             15
Supplier#000006824             15
Supplier#000007131             15
Supplier#000007382             15
Supplier#000008913             15
Supplier#000009787             15
Supplier#000000633             14
Supplier#000001960             14
Supplier#000002323             14
Supplier#000002490             14

S_NAME                    NUMWAIT
------------------------- -------
Supplier#000002993             14
Supplier#000003101             14
Supplier#000004489             14
Supplier#000005435             14
Supplier#000005583             14
Supplier#000005774             14
Supplier#000007579             14
Supplier#000008180             14
Supplier#000008695             14
Supplier#000009224             14
Supplier#000000357             13
Supplier#000000436             13
Supplier#000000610             13
Supplier#000000788             13
Supplier#000000889             13
Supplier#000001062             13
Supplier#000001498             13
Supplier#000002056             13
Supplier#000002312             13
Supplier#000002344             13

S_NAME                    NUMWAIT
------------------------- -------
Supplier#000002596             13
Supplier#000002615             13
Supplier#000002978             13
Supplier#000003048             13
Supplier#000003234             13
Supplier#000003727             13
Supplier#000003806             13
Supplier#000004472             13
Supplier#000005236             13
Supplier#000005906             13
Supplier#000006241             13
Supplier#000006326             13
Supplier#000006384             13
Supplier#000006394             13
Supplier#000006624             13
Supplier#000006629             13
Supplier#000006682             13
Supplier#000006737             13
Supplier#000006825             13
Supplier#000007021             13

S_NAME                    NUMWAIT
------------------------- -------
Supplier#000007417             13
Supplier#000007497             13
Supplier#000007602             13
Supplier#000008134             13
Supplier#000008234             13
Supplier#000009435             13
Supplier#000009436             13
Supplier#000009564             13
Supplier#000009896             13
Supplier#000000379             12
Supplier#000000673             12
Supplier#000000762             12
Supplier#000000811             12
Supplier#000000821             12
Supplier#000001337             12
Supplier#000001916             12
Supplier#000001925             12
Supplier#000002039             12
Supplier#000002357             12
Supplier#000002483             12

100 rows selected.

>>>  start print plan

< Execution Plan >
============================================================================================================================
|  IDX  |  NODE DESCRIPTION                                                                      |                    ROWS |
----------------------------------------------------------------------------------------------------------------------------
|    0  |  SELECT STATEMENT                                                                      |                     100 |
|    1  |    QUERY BLOCK ("$QB_IDX_2")                                                           |                     100 |
|    2  |      SORT INSTANT                                                                      |                     100 |
|    3  |        SINGLE CLUSTER                                                                  | LOCAL/REMOTE        411 |
|    4  |          SELECT STATEMENT                                                              |                     408 |
|    5  |            QUERY BLOCK ("$QB_IDX_2")                                                   |                     408 |
|    6  |              GROUP HASH INSTANT                                                        |                     408 |
|    7  |                NESTED JOIN (SEMI)                                                      |                    2067 |
|    8  |                  NESTED JOIN (ANTI SEMI)                                               |                    3485 |
|    9  |                    NESTED JOIN (INNER JOIN)                                            |                   38161 |
|   10  |                      HASH JOIN (INNER JOIN)                                            |                   78590 |
|   11  |                        TABLE ACCESS ("LINEITEM" AS _A5)                                |                 1902371 |
|   12  |                        HASH JOIN INSTANT                                               |                   78590 |
|   13  |                          NESTED JOIN (INNER JOIN)                                      |                     411 |
|   14  |                            TABLE ACCESS ("NATION" AS _A7)                              |                       1 |
|   15  |                            INDEX ACCESS ("SUPPLIER" AS _A6, "SUPPLIER_NATIONKEY_FK")   | (       411)        411 |
|   16  |                      INDEX ACCESS ("ORDERS" AS _A3, "ORDERS_PK_INDEX")                 | (     78590)      38161 |
|   17  |                    INDEX ACCESS ("LINEITEM" AS _A2, "LINEITEM_ORDERKEY_FK")            | (     69076)      34676 |
|   18  |                  INDEX ACCESS ("LINEITEM" AS _A1, "LINEITEM_ORDERKEY_FK")              | (      4248)       2067 |
============================================================================================================================

     1  -  TARGET : SUPPLIER.S_NAME, COUNT(*) AS NUMWAIT
     2  -  LIMIT SORT
           SORT KEY : "COUNT(*) DESC NULLS LAST", "SUPPLIER.S_NAME ASC NULLS LAST"
           READ KEY COLUMN : COUNT(*), SUPPLIER.S_NAME
     3  -  SQL : SELECT /*+ USE_GROUP_HASH(3716) KEEP_JOINED_TABLE USE_NL_IN( _A1 ) USE_NL_IN( _A2 ) USE_NL_IN( _A3 ) USE_HASH_IN( _A4, 200 ) FULL( _A5 ) USE_NL_IN( _A6 ) FULL( _A7 ) INDEX( _A6, "PUBLIC"."SUPPLIER_NATIONKEY_FK" ) INDEX( _A3, "PUBLIC"."ORDERS_PK_INDEX" ) INDEX( _A2, "PUBLIC"."LINEITEM_ORDERKEY_FK" ) INDEX( _A1, "PUBLIC"."LINEITEM_ORDERKEY_FK" ) */ "_A6"."S_NAME", COUNT(*) FROM ( ( ( ( "PUBLIC"."LINEITEM"@"G1N1"|"G2N1" AS "_A5" INNER JOIN ( "PUBLIC"."NATION"@"G1N1"|"G2N1" AS "_A7" INNER JOIN "PUBLIC"."SUPPLIER"@"G1N1"|"G2N1" AS "_A6" ON true ) ALIAS "_A4" ON "_A6"."S_SUPPKEY" = "_A5"."L_SUPPKEY") ALIAS "_A8" INNER JOIN "PUBLIC"."ORDERS"@"G1N1"|"G2N1" AS "_A3" ON true ) ALIAS "_A9" ANTI SEMI JOIN "PUBLIC"."LINEITEM"@"G1N1"|"G2N1" AS "_A2" ON "_A2"."L_ORDERKEY" = "_A5"."L_ORDERKEY" AND "_A2"."L_SUPPKEY" <> "_A5"."L_SUPPKEY" AND "_A2"."L_RECEIPTDATE" > "_A2"."L_COMMITDATE") ALIAS "_A10" SEMI JOIN "PUBLIC"."LINEITEM"@"G1N1"|"G2N1" AS "_A1" ON "_A1"."L_ORDERKEY" = "_A5"."L_ORDERKEY" AND "_A1"."L_SUPPKEY" <> "_A5"."L_SUPPKEY") ALIAS "_A11" WHERE "_A5"."L_RECEIPTDATE" > "_A5"."L_COMMITDATE" AND "_A7"."N_NAME" = :_V0 AND "_A6"."S_NATIONKEY" = "_A7"."N_NATIONKEY" AND "_A3"."O_ORDERKEY" = "_A5"."L_ORDERKEY" AND "_A3"."O_ORDERSTATUS" = :_V1 GROUP BY "_A6"."S_NAME"
           TARGET DOMAIN : G1(G1N1) 408 rows, G2(G2N1) 409 rows
           RE-GROUPING
             GROUP KEY : SUPPLIER.S_NAME
             AGGREGATION : SUM( COUNT(*) )
     5  -  TARGET : _A6.S_NAME, COUNT(*)
     6  -  GROUP KEY : _A6.S_NAME
           RECORD COLUMN : COUNT(*)
           READ KEY COLUMN : _A6.S_NAME
           READ RECORD COLUMN : COUNT(*)
     7  -  JOINED COLUMN : _A6.S_NAME
     8  -  JOINED COLUMN : _A5.L_ORDERKEY, _A5.L_SUPPKEY, _A6.S_NAME
     9  -  JOINED COLUMN : _A5.L_ORDERKEY, _A5.L_SUPPKEY, _A6.S_NAME
             CONSTANT FILTER : TRUE
    10  -  JOINED COLUMN : _A5.L_ORDERKEY, _A5.L_SUPPKEY, _A6.S_NAME
    11  -  HASH SHARD ( # 3 ) 
           READ COLUMN : _A5.L_ORDERKEY, _A5.L_SUPPKEY, _A5.L_COMMITDATE, _A5.L_RECEIPTDATE
             PHYSICAL FILTER : _A5.L_RECEIPTDATE > _A5.L_COMMITDATE
    12  -  HASH KEY : _A6.S_SUPPKEY
           RECORD COLUMN : _A6.S_NAME
           READ KEY COLUMN : _A6.S_SUPPKEY, _A6.S_NAME
             HASH FILTER : _A6.S_SUPPKEY = _A5.L_SUPPKEY
    13  -  JOINED COLUMN : _A6.S_SUPPKEY, _A6.S_NAME
             CONSTANT FILTER : TRUE
    14  -  CLONED 
           READ COLUMN : _A7.N_NATIONKEY, _A7.N_NAME
             PHYSICAL FILTER : _A7.N_NAME = :_V0
    15  -  CLONED 
           READ INDEX COLUMN : _A6.S_NATIONKEY
           READ TABLE COLUMN : _A6.S_SUPPKEY, _A6.S_NAME
             MIN RANGE : _A6.S_NATIONKEY = {_A7.N_NATIONKEY}
             MAX RANGE : _A6.S_NATIONKEY = {_A7.N_NATIONKEY}
    16  -  HASH SHARD ( # 3 ) 
           READ INDEX COLUMN : _A3.O_ORDERKEY
           READ TABLE COLUMN : _A3.O_ORDERSTATUS
             MIN RANGE : _A3.O_ORDERKEY = {_A5.L_ORDERKEY}
             MAX RANGE : _A3.O_ORDERKEY = {_A5.L_ORDERKEY}
             PHYSICAL TABLE FILTER : _A3.O_ORDERSTATUS = :_V1
           FETCH ONE ROW
    17  -  HASH SHARD ( # 3 ) 
           READ INDEX COLUMN : _A2.L_ORDERKEY
           READ TABLE COLUMN : _A2.L_SUPPKEY, _A2.L_COMMITDATE, _A2.L_RECEIPTDATE
             MIN RANGE : _A2.L_ORDERKEY = {_A5.L_ORDERKEY}
             MAX RANGE : _A2.L_ORDERKEY = {_A5.L_ORDERKEY}
             PHYSICAL TABLE FILTER : _A2.L_SUPPKEY <> {_A5.L_SUPPKEY} AND _A2.L_RECEIPTDATE > _A2.L_COMMITDATE
    18  -  HASH SHARD ( # 3 ) 
           READ INDEX COLUMN : _A1.L_ORDERKEY
           READ TABLE COLUMN : _A1.L_SUPPKEY
             MIN RANGE : _A1.L_ORDERKEY = {_A5.L_ORDERKEY}
             MAX RANGE : _A1.L_ORDERKEY = {_A5.L_ORDERKEY}
             PHYSICAL TABLE FILTER : _A1.L_SUPPKEY <> {_A5.L_SUPPKEY}

<<<  end print plan


Elapsed time: 845.78800 ms 


--#################################
--# Report
--#################################

\set timing off;

INSERT INTO TPCH_SF1_REPORT 
       VALUES ( 'SF1_Q21', (:VAR_ELAPSED_TIME__ / 1000), TRUNC( 60 * 60 * 1000 / :VAR_ELAPSED_TIME__, 0 ) );

1 row created.

COMMIT;

Commit complete.



